<?xml version="1.0" encoding="UTF-8"?>
<!-- Generated by org.testng.reporters.JUnitXMLReporter -->
<testsuite ignored="2" hostname="DESKTOP-3PJD2AD" failures="1" tests="1" name="Default test" time="16.871" errors="0" timestamp="2022-06-15T16:17:00 IST">
  <testcase classname="narcissus21a.HomePageTest" name="verifySearchResultsForShoes" time="16.794">
    <failure type="java.lang.AssertionError" message="The following asserts failed:
	Titles doesn&amp;apos;t contains expected [true] but found [false],
	Titles doesn&amp;apos;t contains expected [true] but found [false],
	Titles doesn&amp;apos;t contains expected [true] but found [false],
	Titles doesn&amp;apos;t contains expected [true] but found [false],
	Titles doesn&amp;apos;t contains expected [true] but found [false],
	Titles doesn&amp;apos;t contains expected [true] but found [false],
	Titles doesn&amp;apos;t contains expected [true] but found [false],
	Titles doesn&amp;apos;t contains expected [true] but found [false]">
      <![CDATA[java.lang.AssertionError: The following asserts failed:
Titles doesn't contains expected [true] but found [false],
Titles doesn't contains expected [true] but found [false],
Titles doesn't contains expected [true] but found [false],
Titles doesn't contains expected [true] but found [false],
Titles doesn't contains expected [true] but found [false],
Titles doesn't contains expected [true] but found [false],
Titles doesn't contains expected [true] but found [false],
Titles doesn't contains expected [true] but found [false]
at org.testng.asserts.SoftAssert.assertAll(SoftAssert.java:47)
at org.testng.asserts.SoftAssert.assertAll(SoftAssert.java:31)
at narcissus21a.HomePageTest.verifySearchResultsForShoes(HomePageTest.java:58)
at java.base/jdk.internal.reflect.NativeMethodAccessorImpl.invoke0(Native Method)
at java.base/jdk.internal.reflect.NativeMethodAccessorImpl.invoke(NativeMethodAccessorImpl.java:62)
at java.base/jdk.internal.reflect.DelegatingMethodAccessorImpl.invoke(DelegatingMethodAccessorImpl.java:43)
at java.base/java.lang.reflect.Method.invoke(Method.java:566)
at org.testng.internal.MethodInvocationHelper.invokeMethod(MethodInvocationHelper.java:134)
at org.testng.internal.TestInvoker.invokeMethod(TestInvoker.java:597)
at org.testng.internal.TestInvoker.invokeTestMethod(TestInvoker.java:173)
at org.testng.internal.MethodRunner.runInSequence(MethodRunner.java:46)
at org.testng.internal.TestInvoker$MethodInvocationAgent.invoke(TestInvoker.java:816)
at org.testng.internal.TestInvoker.invokeTestMethods(TestInvoker.java:146)
at org.testng.internal.TestMethodWorker.invokeTestMethods(TestMethodWorker.java:146)
at org.testng.internal.TestMethodWorker.run(TestMethodWorker.java:128)
at java.base/java.util.ArrayList.forEach(ArrayList.java:1541)
at org.testng.TestRunner.privateRun(TestRunner.java:766)
at org.testng.TestRunner.run(TestRunner.java:587)
at org.testng.SuiteRunner.runTest(SuiteRunner.java:384)
at org.testng.SuiteRunner.runSequentially(SuiteRunner.java:378)
at org.testng.SuiteRunner.privateRun(SuiteRunner.java:337)
at org.testng.SuiteRunner.run(SuiteRunner.java:286)
at org.testng.SuiteRunnerWorker.runSuite(SuiteRunnerWorker.java:53)
at org.testng.SuiteRunnerWorker.run(SuiteRunnerWorker.java:96)
at org.testng.TestNG.runSuitesSequentially(TestNG.java:1187)
at org.testng.TestNG.runSuitesLocally(TestNG.java:1109)
at org.testng.TestNG.runSuites(TestNG.java:1039)
at org.testng.TestNG.run(TestNG.java:1007)
at org.testng.remote.AbstractRemoteTestNG.run(AbstractRemoteTestNG.java:115)
at org.testng.remote.RemoteTestNG.initAndRun(RemoteTestNG.java:251)
at org.testng.remote.RemoteTestNG.main(RemoteTestNG.java:77)
]]>
    </failure>
  </testcase> <!-- verifySearchResultsForShoes -->
  <testcase classname="narcissus21a.HomePageTest" name="verifyTitleOfHomePage" time="0.0">
    <ignored/>
  </testcase> <!-- verifyTitleOfHomePage -->
  <testcase classname="narcissus21a.HomePageTest" name="VerifyTitleOfHomePage" time="0.0">
    <ignored/>
  </testcase> <!-- VerifyTitleOfHomePage -->
</testsuite> <!-- Default test -->
